50246
150212
86991
144221
290143
129712
43818
56295
34622
333725
159614
118626
168581
200568
16981
187328
180909
428309
321131
129082
452545
70224
106339
184694
307479
462470
47399
35991
398196
354899
41801
230358
74999
292093
7734
207077
40269
246973
94541
401310
52695
103769
27735
163983
276834
106376
394962
105427
397922
216371
265190
145200
17576
343852
415741
413056
199131
235924
3670
117466
144638
290653
57251
203052
164639
333366
6897
37051
13729
161709
278584
390795
322979
145884
54378
277467
37276
183963
42321
160351
74313
400503
418263
203943
322261
422075
306369
275796
54002
198205
91548
206707
15841
125175
112998
72476
399724
388365
135346
258482
63342
291064
16376
25134
255663
417458
44381
25485
31384
52554
124802
248208
210436
76973
117745
197834
194736
230541
315319
362501
79216
67734
364537
60332
366808
429971
268059
180659
288305
133698
51516
134788
236903
204987
275830
205240
206471
9750
262262
121540
378954
151427
221568
43836
120125
46936
75011
333612
353730
232207
114117
445693
169319
115768
90364
9823
131858
181187
20069
37172
35993
103929
175960
206619
223994
244588
368430
21540
40659
18065
47440
90353
238825
12743
56021
315877
163418
256605
272879
77976
213362
284968
106400
243555
43788
191619
257875
398129
142463
346117
110697
40103
274920
67476
377769
67947
26323
208802
9310
269358
28566
163246
269902
281011
143345
4721
107366
26014
127261
86493
168136
48324
154180
106125
183313
220110
94874
348858
453081
31225
42617
440976
126193
166903
85880
20351
390753
178568
234194
362889
470903
54482
297800
45772
342139
72114
20723
144540
134507
417334
98541
114811
238638
150541
39467
10086
500090
390492
124759
272928
194412
253328
68066
207714
74797
44395
39415
168704
377379
254175
369867
21197
44984
58287
114098
257564
37414
104349
274811
122983
168530
70438
374309
52379
161696
381940
58461
18610
271792
204205
25014
27247
235872
38647
68481
89980
118018
367208
271941
173886
90684
66107
49302
87579
129745
465130
284424
320972
428824
24505
111052
313340
149747
4978
68684
59848
68047
279567
341691
335732
129026
456095
491580
277372
218681
72756
57346
47034
46366
206982
6893
242131
124240
110185
39452
271701
114761
249151
290738
65727
58328
36887
144943
335826
360635
84306
42012
24282
455410
68169
172055
348582
75385
44226
112475
371743
101027
74606
291314
175622
180660
117388
66833
70651
393475
274983
54004
52746
20255
251863
298201
227991
12972
260074
482529
401760
176867
96398
101479
58267
62553
212756
74673
305841
251018
238008
223332
323489
126742
321052
234215
262438
291759
166685
157618
122364
322824
308266
75235
259403
249003
318572
125657
341294
6966
163098
83427
109717
92333
43263
8040
52519
104867
3999
157250
134148
221821
67064
316334
232640
219509
149747
279053
295155
417783
47519
26863
216455
374210
169354
44358
30856
104887
219286
61672
392765
37155
247730
118990
342201
39581
45337
114326
182726
90087
368811
280832
7204
297957
159548
467075
397083
4979
93469
351002
98098
268303
82313
51836
381781
149765
47255
49398
286735
65830
64970
197825
32611
273817
413419
1632
33858
113860
228984
291794
211724
231459
187595
398751
223878
96424
428904
89777
211980
119371
120782
286203
38907
18306
120763
110414
303330
165049
188925
164130
87152
25930
221323
101724
223966
9597
224320
131085
388771
159201
111414
44533
261578
326448
104108
66893
56659
74621
7897
155955
202064
19264
43356
311043
360127
80366
184084
211586
245376
36783
192446
262013
176619
183497
194727
371888
39880
11893
346819
56609
130712
306643
109926
225728
115813
92033
277379
82755
480291
10086
132186
220305
205033
455023
102351
183359
57852
91285
144553
276632
82160
190180
2874
121572
93681
49786
210872
409640
41918
226392
289606
160230
50524
193020
241354
76274
210348
438791
19225
73429
61633
8259
153582
412200
21544
40604
7276
146766
234994
127572
158873
81083
276046
22142
142581
161489
178236
60176
191453
186458
290355
104049
103280
189207
50524
457663
189392
159809
42185
68904
32094
319544
483902
399134
6751
25217
156218
67359
239136
192536
384234
371178
174201
1325
90283
4646
322739
334717
83191
68755
111612
80090
119285
99230
233756
323338
178854
274797
126739
351059
25811
287476
39173
73258
276215
185404
93719
85495
326236
39450
145204
50211
51006
215768
378818
344979
32240
27737
461798
422679
370376
498767
367810
400009
18018
31406
156384
274302
12520
137294
85715
28118
39022
355063
85360
345705
468601
15792
397229
293996
367772
42670
141077
285127
184359
356793
5880
55370
269766
192873
111483
71617
139982
164022
9531
60585
312185
68507
179905
81048
131338
175004
105106
404044
91441
188451
55794
195107
4308
265690
58634
114953
382312
259673
151250
104346
192853
6675
49226
135727
226614
15103
90589
178703
339923
30069
285029
8112
323056
4334
372405
355057
444915
91847
320958
42000
287134
69253
249819
3478
216670
383485
319240
29651
96931
127073
337720
165522
204295
337400
35895
16688
236167
17588
315301
200760
208502
189161
54912
339153
87770
79162
260842
197547
262766
88461
411803
142377
308565
255124
2214
53922
47355
346659
23534
39255
401699
127518
124016
33160
234175
175722
151406
97583
138954
274452
368637
20767
58725
140163
324906
105197
189834
187953
314204
88618
87701
146040
132192
161560
162461
170073
110239
24535
49066
121084
283910
201362
30856
162408
201868
141243
39276
392629
89244
332040
20467
309059
23230
30973
111225
196916
183221
106566
218256
282920
373349
409391
222839
143859
270638
191461
92011
73908
139577
74910
256937
75603
174549
121551
113660
147159
72099
439107
233781
85053
352709
165925
120901
107033
260492
47451
148259
228767
124974
179608
392688
204690
298368
50979
291156
227542
459284
146630
78126
29202
323753
188702
249432
48457
179063
292379
152792
316981
283506
94997
49632
144316
267766
49799
71589
165169
158743
141181
24378
343704
46041
205693
143518
284940
101028
170996
183819
21426
21513
320860
51490
191656
263652
354559
304768
223395
68296
337424
283697
173675
442798
246259
244981
142306
252256
462964
46512
477897
153689
174063
171683
369027
158525
161216
15103
86540
297463
249786
191743
111247
219147
344788
323466
157952
85515
273367
332961
285331
372251
75064
31794
62470
108758
71211
143282
273977
148443
95167
110832
35191
69606
74303
358496
281472
267643
337456
311084
303240
91553
29047
215972
359556
44567
96909
146550
262549
243626
456975
296415
67779
360287
32291
42175
187793
169478
345595
181555
27902
300029
159981
113082
316032
66347
224810
81913
428628
134030
284707
48492
54779
161624
132506
85853
127546
36029
224482
19508
190928
14757
107495
98026
319703
267147
315336
89136
51696
173627
218527
99716
325513
92787
9855
289501
35195
258458
289476
44927
47279
37914
