996 882351583
993 409196008
996 493304278
997 460341051
997 348634434
993 643079793
996 366328205
996 209821107
996 637487163
996 689483070
996 232933151
996 745609050
997 56978498
995 700154657
996 882351583
991 984957448
991 316328585
991 984957448
996 772107777
996 626103276
996 288469894
997 85729054
996 348634434
997 720995403
997 111564936
996 772107777
997 425759498
995 781623287
996 453478110
997 603417935
994 152389794
996 947885634
992 974565132
996 233105518
993 889651756
994 660117842
997 663387206
997 773298404
995 458817812
996 855380170
995 890579474
996 64590845
994 491546964
997 169442655
996 670201646
995 700154657
993 465574345
991 485546150
996 250025923
990 577279941
993 400890403
991 821314366
997 742403961
995 994279705
995 688217226
995 71691468
994 61781552
993 53002571
994 933531436
997 208718664
993 465574345
995 660894686
996 366328205
992 989726498
995 702073032
992 209699310
993 451222600
990 834231120
997 651676247
997 593376374
992 672447666
995 631579972
997 117826777
995 886401311
994 390276925
992 66132988
994 152389794
995 456456034
996 770685410
994 912186050
995 458817812
996 72571952
994 190008317
996 750926864
993 758020125
996 13962154
996 296387583
991 554936819
997 302077884
991 618120856
995 866739895
994 511520945
996 12665871
993 889651756
997 72571952
989 228700285
996 87870673
995 475263732
995 148035138
997 294015378
996 536260128
993 352424920
995 957442974
994 402216287
997 609515922
993 618391436
994 267811235
993 877597924
993 989168778
996 453478110
996 202200015
993 141263831
995 957442974
992 82419547
995 625283269
995 538473593
994 528319987
995 499908079
994 412214960
990 648156715
994 51344594
996 104720707
995 379280368
994 755192948
996 339060517
995 568434742
995 41143977
995 114231576
997 285110464
997 279965838
995 379280368
996 612091291
994 713878925
995 456456034
995 250025923
993 361133227
992 295334468
997 81269124
995 996191631
995 88850920
995 281792751
996 952821517
997 939476176
993 984579902
993 803665181
996 609515922
991 845359563
997 306167207
997 58308073
996 250025923
994 156233290
995 568434742
996 109240136
995 676380970
997 669554197
997 760091202
993 298159560
996 436040332
997 208718664
997 143841790
996 285864670
996 560308257
992 158344206
996 284091842
995 891259408
994 412551502
992 447193296
997 114231576
994 401590354
991 692173453
997 145950424
997 267124673
996 514572085
991 878954280
994 713878925
997 856234985
992 510972204
997 201365804
996 625283269
995 905003904
995 364097221
997 882744901
993 189126134
994 428806858
995 151537796
997 592481940
995 539058326
994 180619820
997 279965838
996 537267462
995 499908079
994 926709080
997 866739895
997 856234985
993 877597924
996 314284087
995 148035138
997 9513329
995 676380970
995 257275802
995 114231576
990 440632371
996 159057563
997 148743277
994 933531436
996 843496583
995 69913216
993 782246044
996 121489747
996 81269124
994 394726225
995 983973956
993 95052533
994 950808027
991 878954280
997 394691010
997 344976891
995 162986195
991 485546150
997 403030581
994 669844146
994 491546964
989 638360169
995 996191631
996 628792415
992 672447666
996 715095198
996 587694529
995 209115554
996 688047767
996 676943432
997 780895696
996 79453466
993 355990440
995 78146384
995 715165126
994 422662098
997 838789252
994 390276925
993 465574345
993 195779241
997 939476176
992 158344206
997 931643766
992 221299016
995 660894686
997 78146384
997 8176793
993 841415146
997 143841790
995 887337787
995 536260128
996 708919626
996 232933151
996 750926864
996 409912823
997 439135962
995 609515922
995 78146384
996 861644908
993 823388720
991 312237018
997 669554197
996 939476176
996 742119062
997 78146384
997 773298404
997 931643766
995 313324086
994 883011147
996 8176793
995 171311502
994 211703926
997 951830577
992 131325040
990 577279941
995 138849414
989 638360169
996 570375656
995 297512156
996 615207432
994 109571189
997 780895696
996 339060517
996 587694529
993 207281325
996 720062176
992 703751905
995 88468414
997 31372901
996 219682386
994 968430776
995 183280501
994 959685594
996 628792415
995 361133227
997 13962154
997 542812682
996 306180120
996 188753778
991 192364819
996 12665871
997 356945496
997 78146384
994 235212772
997 214225093
995 13962154
994 340726047
997 460341051
990 290379433
994 912186050
996 752472466
996 114231576
993 312074949
996 106152517
997 862010782
994 477883855
991 296201962
995 163001857
996 790414753
996 879110696
997 869341395
995 191541336
992 290673739
993 312074949
995 636454526
997 742403961
989 943697510
997 414737355
995 781623287
992 773056943
997 878858895
997 348634434
996 843496583
994 431693013
994 197163609
997 931643766
996 296387583
997 17149895
996 539058326
994 537363766
995 209115554
994 235212772
996 856234985
993 298159560
996 12665871
997 56978498
995 625283269
991 316328585
996 627734456
996 111564936
995 348634434
995 957442974
989 341415653
996 615207432
993 782246044
996 386567699
997 214225093
994 412214960
997 855380170
996 378141425
997 356945496
996 626608606
995 291407185
997 912186050
996 996908165
898 266954931
996 562732866
994 315671332
997 403030581
995 957442974
997 603417935
997 878858895
997 294015378
997 382236947
993 481909601
997 594026145
995 387758850
994 933531436
997 950361198
997 378141425
993 121199272
995 850633108
997 238082176
996 912186050
997 541205460
997 425759498
995 725173367
996 597047185
994 732792053
992 657627364
997 931643766
994 970197909
997 647643923
996 647390811
996 205204994
992 445040959
995 253578666
997 633562653
996 663387206
997 400890403
997 912186050
993 823388720
996 916570990
997 801265837
994 431631712
995 780105970
996 88468414
991 485546150
997 621019363
996 708919626
997 779592972
994 484550488
995 212652459
997 593376374
997 99427002
996 708817714
997 348634434
997 763165015
992 447193296
996 493304278
995 660894686
994 109571189
996 21863914
997 773074411
997 353764146
996 339060517
995 983973956
993 984579902
996 861644908
996 425124970
996 198322362
993 617203711
997 541205460
997 88850920
995 499908079
997 594026145
997 109483768
995 114231576
994 723959748
996 637487163
992 221299016
997 859607881
993 705437090
996 907899583
997 88933203
997 536260128
995 563649437
994 996310272
996 856234985
995 396021253
997 587694529
997 861644908
997 931643766
996 750926864
995 313324086
997 111564936
995 460569077
997 460569077
995 688217226
997 17149895
997 344976891
994 148361761
995 676380970
994 732792053
995 8176793
997 651676247
996 106152517
994 786308589
997 17149895
994 360862924
993 298159560
996 727906197
995 32277055
995 343448353
997 31372901
997 603417935
996 646759715
994 790556946
994 755192948
997 750971063
988 782582534
994 285864670
996 727906197
992 445040959
993 465574345
997 382236947
995 539058326
993 710258188
996 514572085
983 454251202
997 99427002
994 403736191
996 78146384
996 125752665
995 415302504
995 939476176
996 647390811
995 50779718
997 671654165
996 400890403
997 378141425
995 664994879
997 439135962
995 907899583
994 477883855
997 633562653
994 250025923
996 114231576
995 91621567
993 761814830
996 114231576
996 36050805
990 834231120
997 891576799
994 981093349
996 8176793
997 214225093
994 64590845
994 669844146
996 952821517
996 813602838
994 755192948
994 732792053
996 442521014
994 109571189
995 505697524
997 169442655
995 939988793
997 186793555
993 53002571
997 378141425
993 618391436
996 621019363
997 405019548
997 460341051
997 294015378
995 589922562
997 491546964
997 887324456
996 626103276
994 602205377
993 841415146
996 136961314
996 720062176
995 425328755
994 402216287
997 773074411
997 547377722
997 17149895
996 338446364
995 589922562
994 467543584
996 970628197
997 348634434
996 439135962
996 802688751
996 688047767
997 9513329
996 564644857
997 663387206
997 521289323
992 989726498
996 339060517
996 670201646
997 56978498
992 657627364
997 105725967
994 72520249
994 495975641
996 742119062
995 121957969
997 602205377
996 802688751
996 796551299
995 241173414
995 396021253
995 84695729
997 671654165
992 447193296
997 801265837
994 428806858
997 813602838
995 781623287
994 660117842
996 111564936
994 512871784
993 407322208
994 316295097
996 958643363
898 266954931
989 943697510
996 361133227
996 539058326
994 660117842
997 405019548
992 86801598
995 412214960
992 531822186
992 89190082
991 821314366
996 628792415
989 934062147
997 536260128
995 954608961
997 684117804
997 564644857
994 612091291
996 750971063
995 499670339
997 208718664
994 362463412
997 839308606
994 492011419
995 781623287
992 896065800
996 628792415
995 904337292
996 796551299
993 987797247
996 700302305
992 158344206
993 889660998
996 302077884
996 205204994
995 13962154
997 534503921
995 387758850
995 676380970
997 114231576
995 288192113
996 615207432
996 879110696
996 477480363
997 947885634
994 267811235
994 968430776
997 208718664
995 810479525
993 298159560
990 194786193
995 33302858
997 647643923
997 539058326
991 744293473
995 256998937
992 447193296
996 939476176
995 114231576
996 570375656
995 343448353
996 715095198
996 464573392
996 845865361
996 335690408
996 866739895
996 996908165
997 298984123
995 71691468
996 403030581
996 803174700
989 955898941
996 386546440
994 409319905
997 633562653
996 642921573
997 137896555
996 558025598
995 50779718
995 891706273
996 19800991
994 72520249
995 98170127
994 512871784
997 950361198
994 265375632
994 587694529
994 893044452
994 635198101
992 253949028
997 457436147
997 602205377
996 534503921
996 801265837
997 866739895
997 180619820
992 560065085
996 958643363
993 53002571
992 104702766
991 296201962
994 959685594
997 9513329
996 813602838
996 859607881
996 773298404
996 378141425
995 994279705
997 566097290
997 891576799
996 78146384
995 361133227
996 727906197
994 69174711
996 60768066
995 456456034
993 782246044
997 41040553
995 216158485
997 527789780
995 415302504
995 41143977
993 761814830
994 660117842
997 188753778
994 329452417
989 731541365
997 457436147
993 987797247
994 802111152
995 468763546
997 779592972
996 460569077
996 907899583
997 461294028
993 823388720
997 759594853
988 437917941
991 692173453
997 253578666
995 725056759
993 618391436
996 756411267
995 676380970
995 162986195
997 148743277
993 643079793
997 238082176
995 412214960
992 209699310
994 111564936
993 989168778
996 501090901
997 148035138
997 172661216
992 773056943
994 660117842
996 379415093
997 496788406
997 143850115
996 952821517
997 461294028
996 285864670
996 386546440
996 210896582
995 780105970
992 510972204
997 574973131
997 106152517
994 362463412
996 151062610
994 382236947
991 643063312
997 425759498
995 589922562
992 253949028
992 290673739
995 54461807
995 272249767
993 451222600
995 810479525
996 612091291
995 548249010
997 395910573
996 205204994
995 652120539
994 360862924
991 485546150
996 363167302
996 859607881
995 339060517
997 764243733
997 646759715
995 256998937
997 853298904
994 152389794
994 912186050
993 385157348
994 467543584
994 967170428
997 895472900
995 84695729
996 338446364
996 698495759
997 887337787
994 706097110
996 425124970
995 327320510
996 343746789
997 647356978
995 631579972
997 951830577
992 253949028
996 626608606
997 386546440
995 257275802
994 755192948
996 348634434
995 291407185
996 750926864
997 87870673
997 621019363
996 492011419
994 390276925
993 298159560
997 461294028
995 514572085
996 56172446
995 499908079
997 81269124
990 434540242
997 256896538
997 887324456
997 843926417
997 759220931
997 106408536
996 720062176
994 409319905
996 720062176
997 400890403
997 279965838
992 86801598
994 669844146
996 301251110
996 285864670
994 970197909
995 677870858
996 19800991
994 183745162
993 803665181
996 587694529
991 514222116
996 772107777
996 780895696
993 761814830
996 742119062
993 24737600
996 796551299
996 491546964
997 457436147
994 970197909
996 233105518
996 720995403
995 412214960
995 150981816
997 496788406
994 279159332
995 631579972
995 698495759
995 932860650
997 688047767
996 19800991
990 194786193
996 379415093
994 511520945
996 790414753
995 996908165
996 232933151
997 425759498
996 81269124
996 209821107
994 156233290
995 702073032
997 622167979
995 422456797
997 527789780
997 584527099
995 698495759
993 385157348
996 302077884
995 291407185
994 169554419
996 159057563
996 106152517
995 780105970
983 454251202
994 970348060
997 224043359
993 662518280
997 647356978
997 962279823
995 162986195
996 574973131
996 773298404
997 856234985
996 939476176
996 932860650
994 60780842
997 566097290
996 43369894
994 156233290
997 9744937
997 439135962
992 954612180
995 829987867
996 663387206
996 537267462
994 959685594
993 481909601
995 905003904
995 98170127
993 121199272
997 742403961
996 733652556
997 566097290
997 378141425
994 315671332
995 45599416
992 221299016
995 786321640
994 712839504
997 2370181
997 88933203
994 801265837
994 428806858
996 587694529
991 487048784
996 750926864
995 939476176
997 633562653
997 285110464
994 355229413
995 905003904
996 996908165
996 762345776
993 454226295
995 831765065
989 638360169
997 801265837
995 32277055
996 536260128
994 111564936
997 862010782
997 253578666
996 603671584
997 457436147
993 984703283
996 897339467
996 588694902
996 758278929
994 669844146
997 365057053
996 492011419
996 250025923
995 151537796
992 916570990
993 662518280
994 151062610
996 442521014
997 348634434
995 660894686
997 887337787
992 672447666
997 348634434
997 248238618
997 17149895
994 970348060
996 742119062
996 182418377
996 288469894
997 460341051
996 501090901
996 861644908
996 996908165
997 951830577
997 588694902
993 179294247
996 109240136
996 855380170
992 66132988
996 537299444
996 205204994
993 984579902
994 183745162
996 597047185
994 16316550
995 256998937
997 670201646
997 88933203
993 823388720
995 150981816
996 707996552
997 145950424
997 492011419
995 54461807
992 382643937
996 80610828
996 626103276
991 925492136
996 143850115
