6 2
5 3
6 4
6 8
3 1
4 1
4 4
4 1
5 10
5 6
5 6
5 5
3 1
5 2
3 1
5 1
6 1
4 4
6 3
5 3
6 3
5 1
5 6
5 10
4 4
5 4
6 4
4 4
4 12
5 6
6 10
6 5
5 1
6 1
1 1
6 4
4 4
5 1
5 1
5 3
6 8
5 6
5 1
5 2
5 15
2 2
6 10
6 15
5 5
6 1
2 1
5 3
6 8
3 3
6 1
3 1
6 3
6 1
5 1
2 2
3 3
6 6
4 4
4 3
4 1
5 4
5 3
3 1
5 2
5 1
4 4
6 3
3 6
6 3
4 4
6 10
6 5
6 4
4 12
1 1
5 5
6 1
4 4
5 1
6 1
3 6
6 10
5 5
5 1
6 3
2 1
6 6
6 10
4 4
5 1
4 12
3 3
6 5
6 5
4 8
4 6
