1
2
4
5
7
8
10
12
13
18
21
22
23
24
26
29
31
32
34
37
41
42
43
45
47
48
48
48
50
50
51
52
53
53
55
57
59
60
63
64
66
69
72
75
78
80
81
84
85
87
88
91
92
92
94
95
96
97
100
97
98
99
96
96
99
103
104
105
108
111
113
114
116
117
121
123
123
124
124
126
127
128
129
131
131
132
133
135
136
136
139
142
143
145
147
148
150
151
153
155
157
158
158
159
160
161
166
167
169
169
171
172
173
173
175
176
177
178
179
180
180
183
185
186
188
189
191
192
192
195
196
197
197
198
200
201
201
203
207
208
209
212
214
214
212
213
213
214
215
218
222
222
223
224
223
224
225
230
231
232
234
234
235
236
238
239
240
244
246
246
247
248
252
253
254
255
257
256
257
259
260
266
267
270
272
273
275
278
282
284
284
285
287
289
289
288
290
292
294
294
296
297
300
302
303
306
308
311
311
312
312
314
315
315
318
315
315
316
316
317
319
319
320
323
324
326
327
329
329
330
327
328
327
331
332
332
333
334
335
336
339
339
337
339
339
339
335
336
336
337
338
341
343
344
345
346
346
347
348
348
349
350
350
351
354
354
354
356
360
361
364
363
365
362
363
364
365
367
369
370
371
372
373
374
375
374
374
375
379
382
384
385
388
389
390
393
395
396
397
398
399
399
402
401
402
403
404
408
409
411
412
410
411
411
411
412
414
414
414
415
418
420
421
422
423
424
426
430
434
432
432
433
433
433
433
430
432
434
436
438
439
441
441
440
444
444
445
446
446
446
447
449
449
455
455
457
458
458
458
459
458
459
460
461
462
463
464
465
466
469
468
469
470
473
478
479
479
477
476
477
479
478
477
479
479
480
480
483
486
487
488
489
492
494
493
495
491
492
495
496
499
500
497
497
497
497
499
499
500
501
501
502
503
506
508
511
513
517
517
518
516
517
518
519
520
522
523
524
526
527
526
529
526
527
529
530
531
536
536
535
535
539
540
540
541
539
541
543
542
543
541
543
544
543
544
546
547
549
551
555
552
555
555
556
557
556
559
560
561
561
561
562
564
565
566
566
567
566
566
567
569
570
571
572
573
575
577
579
582
586
585
588
589
590
591
593
595
596
597
600
601
599
599
602
601
602
605
605
607
608
609
611
611
609
609
611
610
612
613
614
614
614
614
615
613
617
618
619
620
622
620
621
621
623
626
626
627
628
630
632
632
634
631
633
633
633
635
636
638
638
638
639
640
640
642
642
644
642
642
644
645
643
643
644
648
651
652
655
656
656
656
657
657
659
661
659
660
660
661
662
663
664
664
666
668
669
669
670
669
671
672
673
674
677
678
679
682
681
681
685
687
689
688
692
692
693
694
695
695
698
699
700
700
700
701
701
701
701
701
704
704
705
707
708
705
706
709
707
708
709
710
709
708
709
710
708
706
707
711
712
714
716
717
719
720
718
719
719
719
720
721
720
720
720
722
724
726
728
730
730
732
731
731
734
735
735
738
736
738
735
732
733
734
735
735
735
737
737
738
741
741
742
744
746
747
749
749
749
750
751
752
751
751
752
753
755
755
757
757
758
762
762
763
764
764
763
763
766
767
768
770
768
767
764
766
766
767
769
769
770
772
772
773
773
772
774
775
775
775
776
779
782
783
784
785
786
787
786
787
787
787
786
786
786
786
786
787
788
789
790
792
793
794
794
794
795
796
795
795
798
799
800
799
800
801
800
798
798
796
796
793
795
793
790
789
789
790
790
791
791
792
793
794
793
794
796
799
800
800
800
800
801
801
804
804
804
805
806
807
809
810
810
808
808
809
810
807
811
810
812
813
813
812
811
812
812
814
815
816
816
815
816
816
817
818
817
818
818
823
823
824
826
827
830
834
834
835
835
837
836
839
839
839
840
843
843
844
844
846
847
848
848
847
846
846
848
848
848
845
845
845
846
843
843
843
845
846
846
846
848
848
849
848
849
851
853
853
854
856
857
855
852
854
854
856
856
856
854
852
852
853
854
855
856
858
859
862
861
861
862
858
861
860
862
862
862
863
864
863
863
863
863
866
865
865
865
866
865
864
865
865
867
867
868
868
868
870
871
873
874
876
875
873
874
874
875
876
876
877
878
880
879
877
878
879
880
880
879
879
881
883
881
882
884
883
883
883
885
887
887
886
886
885
886
885
887
887
887
885
886
887
890
890
893
894
895
895
895
897
897
898
896
895
896
893
896
900
901
903
902
902
902
904
904
903
904
905
905
906
907
908
908
907
909
907
908
909
910
911
912
912
914
913
912
913
915
915
914
913
912
913
913
911
909
908
908
908
907
907
908
907
907
908
908
908
908
909
910
911
911
911
913
912
913
913
913
915
915
915
915
915
916
916
918
918
919
919
918
919
920
920
922
923
923
923
924
924
926
925
926
926
925
925
924
924
926
927
928
927
927
928
929
930
929
930
930
931
933
933
932
933
933
933
933
935
935
937
938
939
937
939
943
943
944
943
944
943
944
943
944
945
946
947
948
943
943
944
946
947
947
948
947
945
945
945
943
942
939
938
938
937
938
940
941
940
939
938
938
939
941
941
942
942
943
945
947
945
942
943
944
944
944
945
947
948
949
950
950
949
950
950
950
952
953
954
951
953
952
954
955
955
955
954
955
956
957
958
958
959
960
958
960
961
961
961
962
960
959
959
964
964
964
965
965
965
966
965
967
966
967
966
968
967
968
969
969
971
970
970
969
969
969
969
969
971
973
974
973
973
972
972
972
971
971
973
975
974
973
975
973
975
977
978
979
979
980
985
985
985
985
986
985
985
986
987
986
984
984
984
984
987
986
986
986
986
987
985
984
984
985
985
987
987
988
986
986
985
987
986
989
989
988
990
989
990
993
995
995
993
992
994
994
994
995
995
997
997
998
996
997
997
999
1000
1003
1005
1005
1006
1008
1009
1010
1011
1009
1009
1009
1009
1008
1004
1004
1006
1005
1006
1006
1007
1008
1009
1008
1007
1010
1011
1012
1013
1011
1012
1013
1013
1013
1012
1014
1012
1011
1013
1011
1012
1016
1016
1016
1016
1015
1016
1015
1015
1015
1017
1017
1016
1018
1018
1019
1021
1022
1023
1023
1023
1022
1022
1022
1022
1021
1021
1021
1019
1019
1020
1020
1019
1019
1018
1019
1019
1021
1023
1022
1022
1022
1023
1023
1023
1024
1024
1024
1024
1024
1026
1027
1027
1027
1028
1029
1029
1031
1031
1033
1034
1035
1034
1036
1035
1035
1034
1034
1035
1036
1036
1034
1034
1030
1030
1031
1031
1031
1031
1033
1033
1034
1032
1033
1031
1032
1031
1030
1030
1030
1029
1029
1029
1027
1027
1028
1027
1028
1028
1027
1027
1025
1025
1027
1026
1027
1028
1029
1030
1032
1032
1032
1032
1032
1032
1030
1029
1031
1031
1030
1030
1030
1030
1031
1030
1030
1031
1030
1031
1032
1031
1032
1032
1032
1034
1037
1039
1039
1040
1040
1039
1039
1042
1045
1046
1047
1047
1047
1046
1046
1046
1046
1046
1044
1046
1045
1045
1046
1046
1045
1047
1046
1046
1047
1048
1049
1049
1051
1052
1052
1053
1055
1055
1057
1059
1060
1061
1061
1061
1061
1064
1064
1064
1064
1064
1063
1063
1066
1066
1066
1067
1067
1068
1068
1068
1068
1068
1069
1069
1068
1068
1067
1068
1068
1069
1069
1069
1071
1071
1072
1074
1075
1075
1077
1079
1079
1078
1077
1075
1075
1076
1076
1075
1076
1077
1077
1078
1078
1078
1077
1077
1077
1077
1078
1079
1079
1080
1079
1078
1078
1080
1080
1080
1081
1082
1084
1084
1084
1085
1085
1086
1086
1086
1087
1087
1088
1088
1087
1088
1088
1087
1087
1088
1088
1088
1087
1087
1089
1088
1090
1087
1088
1087
1088
1087
1087
1086
1087
1088
1088
1088
1088
1089
1089
1091
1091
1092
1095
1095
1095
1095
1097
1097
1099
1099
1100
1101
1101
1099
1100
1099
1102
1101
1101
1102
1102
1101
1099
1098
1098
1099
1100
1099
1100
1101
1099
1099
1098
1098
1098
1099
1099
1099
1099
1100
1101
1100
1099
1100
1100
1097
1098
1096
1097
1098
1097
1097
1097
1097
1095
1095
1096
1097
1097
1096
1095
1095
1095
1095
1095
1092
1092
1091
1091
1091
1090
1090
1090
1091
1091
1090
1092
1092
1093
1093
1092
1091
1092
1092
1093
1094
1096
1097
1096
1096
1096
1098
1099
1100
1102
1102
1103
1104
1105
1105
1105
1108
1110
1109
1109
1110
1110
1110
1111
1111
1113
1113
1111
1111
1112
1112
1114
1114
1114
1113
1114
1115
1115
1116
1115
1115
1116
1115
1115
1114
1117
1116
1117
1116
1118
1119
1120
1121
1121
1121
1121
1122
1121
1119
1121
1122
1122
1124
1123
1123
1123
1123
1124
1122
1122
1121
1121
1121
1121
1122
1121
1121
1122
1123
1124
1125
1125
1125
1127
1127
1128
1128
1130
1129
1130
1131
1127
1125
1125
1125
1126
1127
1127
1128
1127
1130
1129
1129
1129
1129
1128
1128
1127
1130
1130
1131
1134
1135
1134
1134
1136
1136
1137
1137
1139
1138
1137
1137
1138
1139
1140
1141
1141
1140
1140
1139
1139
1139
1139
1139
1141
1142
1144
1145
1145
1145
1146
1145
1144
1145
1146
1146
1147
1147
1148
1148
1148
1147
1146
1146
1146
1146
1145
1146
1146
1147
1148
1149
1149
1149
1149
1151
1151
1151
1150
1151
1152
1154
1155
1154
1154
1154
1154
1154
1154
1150
1150
1150
1152
1153
1152
1151
1153
1154
1154
1154
1154
1154
1156
1158
1158
1156
1157
1157
1156
1156
1155
1155
1155
1157
1158
1158
1160
1159
1159
1160
1161
1161
1161
1161
1160
1160
1160
1161
1163
1163
1163
1162
1161
1160
1159
1160
1159
1159
1155
1154
1154
1154
1154
1155
1155
1155
1154
1154
1153
1152
1152
1152
1152
1152
1152
1154
1154
1154
1155
1157
1158
1158
1159
1160
1160
1158
1157
1157
1157
1158
1158
1159
1159
1159
1159
1159
1159
1157
1156
1157
1156
1155
1156
1156
1158
1158
1159
1158
1158
1156
1156
1155
1155
1154
1155
1155
1155
1155
1154
1154
1154
1153
1154
1154
1154
1155
1154
1153
1154
1156
1156
1157
1159
1159
1159
1158
1156
1156
1158
1157
1157
1157
1158
1159
1160
1160
1160
1160
1160
1159
1159
1158
1157
1157
1157
1157
1157
1157
1157
1157
1158
1156
1156
1156
1157
1159
1159
1159
1160
1161
1161
1163
1163
1163
1163
1162
1162
1164
1165
1165
1166
1164
1165
1166
1165
1165
1165
1166
1169
1169
1170
1169
1166
1169
1167
1167
1166
1167
1166
1166
1167
1167
1166
1165
1164
1163
1163
1163
1164
1163
1163
1165
1165
1165
1165
1165
1164
1163
1164
1163
1162
1162
1163
1163
1163
1163
1163
1163
1164
1166
1166
1167
1166
1165
1165
1164
1163
1162
1161
1162
1162
1163
1165
1164
1164
1165
1164
1163
1163
1162
1165
1165
1165
1166
1164
1163
1161
1162
1162
1161
1160
1158
1159
1161
1162
1162
1165
1166
1165
1165
1165
1165
1163
1163
1164
1164
1165
1166
1166
1163
1163
1165
1164
1165
1166
1167
1167
1168
1169
1170
1171
1172
1172
1170
1172
1172
1173
1173
1173
1174
1174
1174
1174
1174
1174
1173
1173
1173
1174
1173
1175
1176
1178
1179
1180
1180
1181
1182
1183
1183
1183
1182
1181
1179
1179
1178
1177
1178
1178
1177
1176
1174
1174
1175
1175
1175
1177
1177
1178
1178
1180
1181
1182
1181
1182
1181
1180
1180
1181
1181
1180
1181
1180
1178
1177
1178
1178
1179
1179
1180
1180
1180
1179
1180
1180
1181
1180
1180
1181
1183
1182
1180
1179
1179
1179
1179
1178
1177
1177
1177
1177
1178
1178
1178
1177
1178
1178
1177
1178
1176
1177
1177
1177
1177
1177
1178
1176
1174
1173
1173
1171
1171
1171
1171
1170
1170
1170
1170
1172
1172
1172
1172
1169
1169
1169
1169
1169
1168
1168
1168
1168
1168
1169
1169
1169
1169
1168
1167
1167
1168
1167
1168
1167
1166
1164
1164
1163
1161
1162
1161
1161
1159
1160
1159
1159
1160
1160
1162
1161
1161
1162
1161
1160
1161
1162
1163
1161
1161
1161
1160
1160
1160
1160
1160
1159
1160
1160
1159
1159
1159
1160
1161
1162
1164
1165
1164
1167
1166
1167
1167
1169
1167
1167
1167
1169
1170
1169
1170
1167
1166
1166
1164
1165
1165
1165
1167
1167
1167
1165
1165
1162
1162
1162
1162
1163
1164
1163
1162
1162
1163
1163
1162
1160
1161
1160
1159
1159
1159
1159
1160
1163
1163
1163
1163
1163
1162
1161
1162
1163
1163
1163
1163
1162
1163
1164
1165
1164
1165
1166
1166
1167
1167
1168
1165
1164
1165
1164
1163
1163
1163
1162
1162
1163
1164
1165
1165
1165
1165
1165
1165
1163
1165
1166
1166
1168
1168
1168
1167
1168
1165
1165
1164
1164
1164
1164
1164
1165
1166
1167
1167
1168
1169
1171
1171
1170
1170
1169
1168
1170
1168
1169
1169
1170
1169
1170
1170
1170
1170
1170
1170
1170
1170
1171
1171
1172
1173
1175
1174
1173
1173
1173
1173
1173
1173
1174
1173
1173
1171
1171
1170
1173
1174
1173
1172
1173
1174
1173
1171
1171
1170
1168
1168
1167
1168
1167
1170
1170
1172
1171
1171
1170
1169
1168
1167
1167
1166
1166
1165
1165
1166
1166
1166
1166
1166
1165
1164
1163
1164
1164
1164
1164
1165
1164
1165
1164
1163
1163
1163
1164
1162
1162
1162
1161
1160
1159
1159
1158
1158
1159
1158
1159
1160
1160
1160
1161
1162
1163
1163
1163
1164
1164
1164
1164
1165
1166
1166
1166
1164
1165
1165
1164
1164
1164
1163
1164
1164
1164
1163
1164
1165
1166
1166
1165
1163
1162
1163
1163
1165
1166
1166
1167
1167
1168
1167
1167
1168
1167
1168
1168
1165
1165
1165
1164
1163
1162
1162
1163
1165
1167
1165
1165
1165
1164
1165
1162
1163
1163
1162
1164
1165
1166
1167
1167
1166
1167
1168
1168
1168
1165
1165
1165
1165
1165
1165
1165
1165
1165
1166
1166
1169
1169
1168
1167
1167
1167
1166
1166
1165
1166
1165
1166
1165
1164
1163
1164
1162
1161
1161
1161
1160
1160
1161
1161
1161
1162
1161
1162
1162
1161
1160
1160
1160
1159
1159
1160
1160
1160
1161
1162
1163
1164
1162
1163
1164
1165
1165
1165
1165
1166
1166
1166
1165
1165
1165
1166
1166
1165
1164
1164
1163
1163
1163
1163
1162
1161
1160
1160
1159
1160
1160
1157
1155
1155
1156
1156
1156
1156
1155
1155
1157
1157
1157
1157
1158
1159
1156
1157
1158
1158
1159
1159
1158
1158
1158
1157
1156
1156
1157
1157
1157
1157
1156
1157
1157
1157
1157
1158
1159
1158
1158
1159
1160
1160
1158
1156
1157
1159
1159
1159
1161
1161
1161
1163
1165
1166
1165
1166
1165
1164
1165
1166
1165
1165
1165
1166
1167
1167
1166
1167
1167
1169
1169
1169
1170
1171
1172
1173
1172
1172
1171
1171
1171
1171
1171
1171
1169
1169
1170
1171
1171
1172
1172
1173
1171
1171
1171
1173
1172
1172
1172
1172
1172
1170
1169
1169
1168
1169
1170
1171
1170
1170
1169
1168
1168
1170
1170
1171
1170
1171
1171
1171
1172
1173
1173
1172
1170
1169
1169
1169
1168
1166
1165
1166
1166
1166
1165
1165
1165
1165
1165
1165
1165
1166
1166
1165
1164
1165
1164
1164
1163
1163
1164
1165
1166
1166
1167
1168
1169
1171
1172
1173
1174
1174
1174
1173
1175
1175
1176
1175
1174
1173
1173
1173
1174
1175
1176
1177
1177
1176
1178
1178
1178
1179
1177
1176
1177
1177
1178
1177
1177
1178
1180
1182
1182
1181
1181
1182
1183
1183
1183
1185
1184
1183
1183
1182
1182
1182
1182
1181
1181
1182
1183
1183
1183
1184
1185
1186
1187
1187
1186
1185
1185
1185
1186
1185
1184
1184
1183
1184
1182
1182
1181
1181
1181
1182
1182
1182
1182
1182
1179
1180
1180
1180
1179
1179
1178
1178
1179
1181
1181
1182
1182
1182
1182
1184
1183
1183
1184
1184
1184
1184
1184
1185
1185
1185
1186
1185
1185
1184
1185
1186
1187
1188
1188
1187
1187
1186
1187
1187
1187
1188
1187
1187
1186
1185
1185
1184
1185
1184
1183
1183
1182
1182
1182
1182
1181
1180
1179
1179
1180
1181
1181
1179
1180
1180
1180
1181
1181
1181
1181
1182
1182
1182
1182
1182
1180
1180
1181
1180
1179
1179
1179
1179
1180
1180
1180
1178
1179
1180
1180
1180
1180
1181
1181
1180
1181
1182
1183
1183
1182
1183
1183
1185
1185
1186
1187
1186
1187
1186
1186
1185
1185
1186
1186
1187
1186
1188
1188
1188
1190
1190
1191
1193
1193
1192
1193
1193
1193
1192
1191
1193
1194
1193
1193
1194
1193
1193
1193
1193
1195
1196
1197
1200
1202
1202
1202
1205
1205
1206
1206
1206
1205
1205
1206
1206
1206
1204
1204
1203
1202
1202
1204
1204
1205
1206
1206
1207
1206
1207
1208
1208
1208
1207
1207
1207
1207
1207
1209
1210
1209
1209
1208
1207
1207
1206
1206
1209
1209
1209
1209
1209
1208
1208
1210
1210
1210
1210
1209
1210
1211
1211
1210
1210
1210
1209
1209
1208
1208
1209
1207
1209
1208
1207
1207
1207
1206
1206
1206
1206
1206
1207
1208
1209
1208
1208
1207
1206
1206
1205
1205
1207
1206
1206
1206
1207
1206
1206
1206
1206
1206
1207
1207
1207
1208
1208
1210
1210
1210
1210
1210
1211
1211
1209
1209
1210
1210
1209
1209
1209
1210
1208
1209
1208
1208
1208
1207
1208
1208
1210
1208
1209
1210
1209
1210
1211
1212
1212
1212
1213
1212
1213
1213
1214
1213
1213
1212
1213
1211
1210
1211
1212
1213
1213
1212
1213
1214
1215
1214
1215
1217
1215
1214
1214
1214
1216
1216
1217
1219
1219
1218
1217
1217
1216
1215
1214
1213
1214
1215
1215
1215
1213
1213
1213
1213
1212
1212
1211
1210
1210
1210
1211
1211
1211
1212
1212
1212
1212
1213
1213
1213
1213
1213
1215
1214
1214
1214
1215
1215
1211
1210
1211
1211
1211
1212
1213
1215
1215
1215
1214
1215
1215
1214
1216
1215
1216
1216
1216
1216
1216
1217
1218
1219
1220
1220
1221
1221
1221
1220
1220
1220
1221
1222
1223
1223
1223
1221
1223
1222
1223
1222
1221
1221
1221
1222
1223
1223
1223
1225
1225
1225
1227
1226
1226
1227
1227
1226
1226
1225
1224
1223
1225
1225
1225
1226
1227
1224
1224
1224
1221
1221
1221
1221
1221
1222
1222
1222
1221
1221
1220
1219
1219
1218
1219
1219
1219
1219
1219
1217
1219
1219
1219
1219
1219
1220
1218
1218
1218
1217
1218
1218
1218
1219
1220
1221
1221
1221
1221
1221
1222
1223
1223
1222
1221
1221
1222
1222
1221
1223
1224
1223
1222
1221
1221
1221
1221
1223
1224
1222
1224
1224
1225
1226
1226
1226
1226
1227
1225
1227
1226
1226
1226
1226
1226
1226
1227
1225
1223
1223
1223
1224
1222
1221
1221
1221
1221
1221
1222
1223
1223
1223
1223
1223
1224
1223
1222
1222
1222
1223
1224
1224
1226
1228
1229
1227
1226
1226
1226
1226
1226
1226
1225
1225
1225
1225
1224
1223
1224
1224
1225
1224
1223
1223
1226
1226
1226
1226
1226
1227
1226
1226
1226
1227
1228
1229
1228
1229
1228
1226
1227
1227
1225
1225
1224
1223
1223
1222
1222
1222
1221
1220
1219
1220
1219
1219
1218
1218
1219
1219
1219
1218
1221
1222
1222
1223
1223
1222
1224
1225
1225
1226
1226
1227
1227
1229
1229
1231
1231
1231
1232
1231
1231
1231
1231
1230
1228
1226
1225
1224
1223
1223
1224
1224
1224
1223
1223
1224
1224
1224
1224
1225
1225
1226
1227
1227
1227
1227
1227
1228
1228
1228
1227
1226
1225
1227
1227
1227
1227
1227
1226
1226
1228
1227
1226
1226
1228
1229
1230
1229
1229
1229
1228
1228
1227
1227
1226
1226
1226
1226
1225
1224
1223
1224
1224
1223
1223
1224
1224
1223
1222
1222
1221
1223
1223
1224
1225
1225
1225
1226
1225
1227
1228
1227
1228
1228
1228
1228
1227
1227
1227
1226
1225
1223
1225
1225
1224
1224
1224
1224
1223
1223
1223
1221
1221
1221
1221
1220
1221
1220
1220
1220
1221
1221
1220
1219
1219
1219
1218
1218
1217
1217
1216
1216
1216
1216
1214
1213
1214
1214
1212
1212
1212
1213
1214
1215
1215
1214
1213
1213
1212
1213
1213
1214
1216
1216
1215
1216
1217
1217
1217
1217
1217
1217
1217
1216
1216
1215
1215
1215
1214
1215
1216
1216
1216
1217
1217
1218
1218
1219
1218
1218
1217
1218
1218
1220
1219
1220
1219
1219
1219
1218
1217
1218
1218
1218
1218
1219
1218
1218
1218
1218
1218
1218
1218
1217
1217
1216
1216
1216
1217
1218
1218
1218
1221
1221
1222
1222
1224
1223
1223
1223
1222
1223
1223
1224
1225
1225
1226
1225
1227
1227
1226
1227
1227
1228
1228
1228
1228
1227
1227
1227
1228
1227
1227
1228
1230
1230
1230
1230
1229
1230
1231
1231
1232
1234
1234
1235
1235
1236
1236
1235
1236
1236
1235
1234
1235
1234
1234
1234
1234
1234
1235
1234
1233
1233
1235
1236
1236
1238
1237
1237
1239
1240
1239
1238
1238
1236
1236
1235
1235
1235
1236
1236
1236
1237
1237
1236
1236
1236
1236
1236
1235
1234
1234
1233
1234
1235
1236
1235
1234
1235
1235
1236
1236
1236
1235
1235
1234
1234
1234
1233
1232
1231
1231
1231
1231
1229
1230
1230
1229
1229
1228
1229
1228
1229
1229
1230
1231
1232
1233
1232
1229
1228
1227
1227
1227
1226
1226
1226
1226
1226
1226
1226
1226
1226
1226
1225
1226
1226
1226
1227
1226
1225
1226
1226
1226
1226
1226
1225
1226
1227
1227
1227
1228
1228
1227
1228
1229
1227
1227
1227
1227
1228
1229
1230
1230
1231
1232
1232
1233
1232
1231
1230
1229
1229
1230
1230
1230
1229
1229
1230
1230
1230
1231
1231
1229
1229
1229
1229
1228
1228
1228
1228
1228
1230
1230
1229
1229
1229
1230
1230
1230
1229
1229
1228
1227
1228
1228
1229
1230
1228
1228
1228
1228
1227
1229
1229
1230
1230
1231
1230
1229
1230
1232
1233
1234
1233
1233
1233
1233
1233
1233
1232
1231
1231
1231
1231
1232
1231
1231
1231
1233
1234
1233
1233
1232
1232
1233
1232
1231
1232
1231
1231
1230
1230
1230
1230
1230
1230
1230
1230
1229
1228
1228
1229
1228
1227
1226
1227
1226
1224
1222
1221
1222
1222
1223
1224
1224
1223
1223
1222
1222
1223
1223
1222
1222
1222
1222
1224
1223
1222
1223
1225
1225
1225
1225
1225
1226
1226
1225
1224
1225
1224
1224
1225
1227
1227
1225
1225
1224
1224
1225
1224
1223
1222
1223
1223
1223
1224
1225
1223
1223
1224
1224
1224
1223
1221
1221
1221
1220
1220
1220
1219
1218
1219
1220
1221
1222
1223
1223
1222
1222
1222
1221
1222
1222
1222
1224
1224
1224
1223
1222
1222
1222
1222
1221
1221
1221
1221
1222
1222
1222
1223
1224
1224
1225
1224
1224
1223
1223
1223
1223
1225
1224
1224
1223
1222
1221
1221
1220
1220
1221
1220
1221
1221
1221
1219
1219
1219
1219
1220
1220
1220
1219
1221
1222
1224
1224
1225
1225
1225
1222
1222
1225
1226
1227
1226
1226
1226
1226
1227
1227
1227
1228
1229
1228
1228
1228
1227
1227
1227
1226
1225
1225
1224
1223
1224
1223
1223
1223
1223
1223
1223
1223
1222
1223
1223
1223
1222
1223
1222
1222
1222
1223
1223
1223
1222
1221
1222
1222
1222
1220
1221
1221
1221
1221
1222
1221
1220
1221
1222
1222
1223
1222
1222
1223
1223
1225
1224
1223
1223
1222
1221
1220
1221
1222
1222
1221
1222
1223
1223
1223
1223
1222
1222
1223
1224
1223
1223
1223
1224
1223
1221
1221
1221
1222
1222
1222
1223
1222
1222
1221
1221
1222
1222
1222
1223
1223
1224
1224
1223
1222
1222
1223
1222
1223
1223
1223
1224
1224
1225
1224
1224
1225
1224
1224
1226
1227
1227
1226
1226
1226
1226
1225
1225
1225
1224
1223
1221
1221
1220
1220
1221
1221
1221
1221
1221
1222
1222
1221
1221
1222
1222
1222
1222
1222
1222
1223
1223
1222
1222
1223
1224
1223
1224
1223
1224
1224
1224
1226
1227
1226
1226
1227
1227
1227
1228
1226
1226
1227
1228
1229
1229
1230
1231
1230
1230
1230
1230
1229
1229
1229
1228
1227
1227
1227
1227
1227
1227
1228
1228
1229
1230
1230
1230
1230
1231
1232
1233
1234
1237
1238
1237
1237
1239
1239
1239
1240
1240
1240
1241
1240
1241
1241
1241
1242
1240
1240
1241
1241
1240
1240
1241
1241
1241
1241
1240
1240
1241
1240
1241
1241
1241
1241
1242
1242
1242
1242
1242
1241
1240
1241
1241
1242
1242
1241
1241
1241
1242
1243
1243
1243
1244
1244
1243
1243
1242
1243
1244
1246
1245
1246
1248
1248
1248
1249
1249
1249
1248
1248
1246
1243
1243
1243
1243
1245
1245
1244
1245
1245
1245
1247
1247
1244
1245
1244
1244
1245
1245
1245
1245
1243
1246
1246
1248
1248
1247
1246
1245
1245
1244
1243
1243
1243
1244
1245
1244
1245
1244
1244
1245
1245
1247
1247
1246
1246
1245
1244
1244
1244
1244
1244
1244
1244
1243
1243
1242
1244
1243
1243
1244
1244
1243
1244
1244
1243
1244
1245
1243
1243
1244
1244
1244
1243
1245
1245
1244
1245
1246
1245
1245
1245
1243
1244
1243
1242
1242
1242
1242
1242
1243
1243
1243
1243
1243
1243
1243
1242
1242
1242
1242
1242
1243
1243
1243
1243
1244
1243
1243
1243
1244
1244
1245
1244
1244
1245
1246
1245
1244
1243
1243
1242
1242
1243
1243
1242
1243
1243
1244
1244
1245
1245
1244
1243
1243
1243
1243
1243
1244
1245
1245
1246
1246
1247
1247
1246
1246
1246
1244
1243
1242
1241
1240
1240
1241
1241
1243
1242
1243
1243
1243
1242
1243
1243
1242
1243
1243
1243
1243
1243
1244
1244
1245
1244
1245
1245
1245
1245
1244
1245
1245
1244
1245
1246
1246
1246
1247
1248
1248
1249
1249
1247
1247
1248
1248
1248
1248
1248
1248
1248
1247
1247
1247
1247
1248
1248
1246
1245
1247
1246
1246
1243
1244
1244
1244
1245
1246
1245
1246
1246
1246
1245
1246
1244
1247
1250
1250
1249
1250
1251
1250
1249
1248
1249
1249
1249
1249
1248
1245
1244
1244
1244
1244
1244
1243
1244
1247
1248
1248
1249
1250
1250
1249
1250
1250
1249
1248
1247
1248
1246
1246
1246
1246
1246
1246
1246
1245
1246
1246
1246
1246
1246
1247
1247
1247
1247
1247
1247
1247
1247
1246
1245
1245
1245
1244
1244
1244
1245
1244
1247
1247
1247
1248
1248
1248
1249
1248
1249
1252
1253
1254
1255
1257
1256
1256
1256
1256
1255
1255
1256
1257
1257
1257
1257
1257
1258
1258
1259
1258
1258
1258
1258
1259
1259
1259
1259
1259
1259
1258
1258
1258
1259
1259
1258
1258
1259
1257
1258
1259
1259
1259
1259
1258
1258
1257
1256
1256
1254
1253
1252
1252
1254
1255
1255
1254
1252
1251
1251
1251
1251
1249
1250
1251
1251
1252
1252
1251
1251
1251
1253
1252
1252
1252
1252
1252
1251
1250
1250
1250
1251
1251
1252
1252
1252
1253
1254
1255
1255
1255
1254
1253
1253
1252
1252
1253
1252
1252
1253
1253
1254
1255
1255
1256
1257
1257
1257
1255
1254
1253
1253
1254
1254
1255
1256
1257
1257
1257
1256
1256
1256
1256
1256
1255
1255
1254
1255
1254
1254
1255
1255
1257
1256
1255
1254
1253
1253
1252
1252
1251
1250
1249
1249
1249
1250
1250
1249
1249
1249
1248
1250
1250
1250
1249
1247
1246
1246
1247
1246
1247
1247
1247
1247
1248
1249
1247
1248
1249
1249
1250
1249
1249
1249
1248
1246
1244
1246
1246
1247
1248
1247
1247
1248
1248
1248
1248
1249
1248
1248
1247
1246
1244
1245
1245
1245
1245
1245
1244
1244
1243
1244
1246
1247
1247
1248
1247
1247
1247
1246
1246
1245
1243
1245
1244
1245
1246
1247
1247
1248
1250
1250
1248
1249
1248
1248
1247
1247
1246
1246
1246
1247
1247
1248
1247
1247
1248
1247
1248
1247
1248
1247
1248
1248
1248
1248
1247
1246
1247
1248
1248
1246
1243
1244
1245
1245
1245
1244
1244
1244
